[08/06/2024 17:09:35] https://www.google.com 200
[08/06/2024 17:09:35] https://www.youtube.com 200
[08/06/2024 17:09:35] https://www.facebook.com 200
[08/06/2024 17:09:35] https://www.amazon.com 200
[08/06/2024 17:09:36] https://www.wikipedia.org 200
[08/06/2024 17:09:37] https://www.twitter.com 200
[08/06/2024 17:09:37] https://www.instagram.com 200
[08/06/2024 17:09:37] https://www.linkedin.com 200
[08/06/2024 17:09:38] https://www.netflix.com 200
[08/06/2024 17:09:38] https://www.reddit.com 200
[08/06/2024 17:09:39] https://www.yahoo.com 200
[08/06/2024 17:09:39] https://www.ebay.com 200
[08/06/2024 17:09:39] https://www.bing.com 200
[08/06/2024 17:09:40] https://www.msn.com 200
[08/06/2024 17:09:40] https://www.pinterest.com 200
[08/06/2024 17:09:40] https://www.tumblr.com 200
[08/06/2024 17:09:41] https://www.paypal.com 200
[08/06/2024 17:09:41] https://www.espn.com 200
[08/06/2024 17:09:41] https://www.bbc.com 200
[08/06/2024 17:09:41] https://www.cnn.com 200
[08/06/2024 17:15:54] https://www.google.com 200
[08/06/2024 17:15:54] https://www.youtube.com 200
[08/06/2024 17:15:54] https://www.facebook.com 200
[08/06/2024 17:15:54] https://www.amazon.com 200
[08/06/2024 17:15:55] https://www.wikipedia.org 200
[08/06/2024 17:15:56] https://www.twitter.com 200
[08/06/2024 17:15:56] https://www.instagram.com 200
[08/06/2024 17:15:56] https://www.linkedin.com 200
[08/06/2024 17:15:57] https://www.netflix.com 200
[08/06/2024 17:15:57] https://www.reddit.com 200
[08/06/2024 17:15:58] https://www.yahoo.com 200
[08/06/2024 17:15:58] https://www.ebay.com 200
[08/06/2024 17:15:58] https://www.bing.com 200
[08/06/2024 17:15:59] https://www.msn.com 200
[08/06/2024 17:15:59] https://www.pinterest.com 200
[08/06/2024 17:15:59] https://www.tumblr.com 200
[08/06/2024 17:16:00] https://www.paypal.com 200
[08/06/2024 17:16:00] https://www.espn.com 200
[08/06/2024 17:16:00] https://www.bbc.com 200
[08/06/2024 17:16:00] https://www.cnn.com 200
[08/06/2024 17:18:24] https://www.google.com 200
[08/06/2024 17:18:24] https://www.youtube.com 200
[08/06/2024 17:18:24] https://www.facebook.com 200
[08/06/2024 17:18:25] https://www.amazon.com 200
[08/06/2024 17:18:25] https://www.wikipedia.org 200
[08/06/2024 17:18:26] https://www.twitter.com 200
[08/06/2024 17:18:26] https://www.instagram.com 200
[08/06/2024 17:18:27] https://www.linkedin.com 200
[08/06/2024 17:18:28] https://www.netflix.com 200
[08/06/2024 17:18:28] https://www.reddit.com 200
[08/06/2024 17:18:28] https://www.yahoo.com 200
[08/06/2024 17:18:29] https://www.ebay.com 200
[08/06/2024 17:18:29] https://www.bing.com 200
[08/06/2024 17:18:29] https://www.msn.com 200
[08/06/2024 17:18:29] https://www.pinterest.com 200
[08/06/2024 17:18:29] https://www.tumblr.com 200
[08/06/2024 17:18:30] https://www.paypal.com 200
[08/06/2024 17:18:30] https://www.espn.com 200
[08/06/2024 17:18:30] https://www.bbc.com 200
[08/06/2024 17:18:30] https://www.cnn.com 200